<?xml version="1.0" encoding="UTF-8"?>
<!-- Generated by org.testng.reporters.JUnitReportReporter -->
<testsuite hostname="shajahanspc" failures="0" tests="1" name="com.qa.Tn.Testcases.ProductCheckout_Test" time="17.611" errors="0" timestamp="2024-01-03T21:40:53 EET" skipped="0">
  <testcase classname="com.qa.Tn.Testcases.ProductCheckout_Test" name="checkoutProduct" time="17.611"/>
</testsuite> <!-- com.qa.Tn.Testcases.ProductCheckout_Test -->
